[0.046s] Invoking command in '/home/tutu/ws/build/simple_controller': /usr/bin/cmake /home/tutu/ws/MobileRobots-master/src/mr_ws/src/simple_controller -DCATKIN_INSTALL_INTO_PREFIX_ROOT=0 -DCMAKE_INSTALL_PREFIX=/home/tutu/ws/install/simple_controller
[0.148s] -- The C compiler identification is GNU 9.4.0
[0.239s] -- The CXX compiler identification is GNU 9.4.0
[0.249s] -- Check for working C compiler: /usr/bin/cc
[0.353s] -- Check for working C compiler: /usr/bin/cc -- works
[0.355s] -- Detecting C compiler ABI info
[0.449s] -- Detecting C compiler ABI info - done
[0.473s] -- Detecting C compile features
[0.474s] -- Detecting C compile features - done
[0.479s] -- Check for working CXX compiler: /usr/bin/c++
[0.587s] -- Check for working CXX compiler: /usr/bin/c++ -- works
[0.591s] -- Detecting CXX compiler ABI info
[0.703s] -- Detecting CXX compiler ABI info - done
[0.734s] -- Detecting CXX compile features
[0.735s] -- Detecting CXX compile features - done
[0.737s] -- Using CATKIN_DEVEL_PREFIX: /home/tutu/ws/build/simple_controller/devel
[0.738s] -- Using CMAKE_PREFIX_PATH: /opt/ros/noetic
[0.738s] -- This workspace overlays: /opt/ros/noetic
[0.774s] -- Found PythonInterp: /usr/bin/python3 (found suitable version "3.8.10", minimum required is "3") 
[0.774s] -- Using PYTHON_EXECUTABLE: /usr/bin/python3
[0.775s] -- Using Debian Python package layout
[0.835s] -- Found PY_em: /usr/lib/python3/dist-packages/em.py  
[0.835s] -- Using empy: /usr/lib/python3/dist-packages/em.py
[1.166s] -- Using CATKIN_ENABLE_TESTING: ON
[1.166s] -- Call enable_testing()
[1.169s] -- Using CATKIN_TEST_RESULTS_DIR: /home/tutu/ws/build/simple_controller/test_results
[1.645s] -- Forcing gtest/gmock from source, though one was otherwise available.
[1.646s] -- Found gtest sources under '/usr/src/googletest': gtests will be built
[1.646s] -- Found gmock sources under '/usr/src/googletest': gmock will be built
[1.696s] -- Found PythonInterp: /usr/bin/python3 (found version "3.8.10") 
[1.699s] -- Found Threads: TRUE  
[1.707s] -- Using Python nosetests: /usr/bin/nosetests3
[1.819s] -- catkin 0.8.10
[1.819s] -- BUILD_SHARED_LIBS is on
[2.131s] -- Using these message generators: gencpp;geneus;genlisp;gennodejs;genpy
[2.387s] -- Found Boost: /usr/lib/x86_64-linux-gnu/cmake/Boost-1.71.0/BoostConfig.cmake (found version "1.71.0") found components: system 
[2.763s] -- Configuring done
[2.812s] -- Generating done
[2.823s] -- Build files have been written to: /home/tutu/ws/build/simple_controller
[2.840s] Invoked command in '/home/tutu/ws/build/simple_controller' returned '0': /usr/bin/cmake /home/tutu/ws/MobileRobots-master/src/mr_ws/src/simple_controller -DCATKIN_INSTALL_INTO_PREFIX_ROOT=0 -DCMAKE_INSTALL_PREFIX=/home/tutu/ws/install/simple_controller
[2.841s] Invoking command in '/home/tutu/ws/build/simple_controller': /usr/bin/cmake --build /home/tutu/ws/build/simple_controller -- -j8 -l8
[2.920s] [35m[1mScanning dependencies of target simple_controller_gencfg[0m
[2.942s] [ 25%] [34m[1mGenerating dynamic reconfigure files from cfg/ControllerDynReconf.cfg: /home/tutu/ws/build/simple_controller/devel/include/simple_controller/ControllerDynReconfConfig.h /home/tutu/ws/build/simple_controller/devel/lib/python3/dist-packages/simple_controller/cfg/ControllerDynReconfConfig.py[0m
[3.049s] Generating reconfiguration files for ControllerDynReconf in simple_controller
[3.053s] Wrote header file in /home/tutu/ws/build/simple_controller/devel/include/simple_controller/ControllerDynReconfConfig.h
[3.129s] [ 25%] Built target simple_controller_gencfg
[3.147s] [35m[1mScanning dependencies of target controller_node[0m
[3.189s] [ 50%] [32mBuilding CXX object CMakeFiles/controller_node.dir/src/controller_node.cpp.o[0m
[3.236s] [ 75%] [32mBuilding CXX object CMakeFiles/controller_node.dir/src/controller.cpp.o[0m
[5.658s] [01m[K/home/tutu/ws/MobileRobots-master/src/mr_ws/src/simple_controller/src/controller.cpp:[m[K In member function ‚Äò[01m[Kvoid simple_controller::Controller::on_path(const Path&)[m[K‚Äô:
[5.658s] [01m[K/home/tutu/ws/MobileRobots-master/src/mr_ws/src/simple_controller/src/controller.cpp:74:3:[m[K [01;31m[Kerror: [m[K‚Äò[01m[Ktarget_point_index[m[K‚Äô was not declared in this scope; did you mean ‚Äò[01m[Knearest_point_index[m[K‚Äô?
[5.658s]    74 |   [01;31m[Ktarget_point_index[m[K = 0;
[5.658s]       |   [01;31m[K^~~~~~~~~~~~~~~~~~[m[K
[5.658s]       |   [32m[Knearest_point_index[m[K
[5.671s] [01m[K/home/tutu/ws/MobileRobots-master/src/mr_ws/src/simple_controller/src/controller.cpp:[m[K In member function ‚Äò[01m[Kvoid simple_controller::Controller::on_timer(const ros::TimerEvent&)[m[K‚Äô:
[5.671s] [01m[K/home/tutu/ws/MobileRobots-master/src/mr_ws/src/simple_controller/src/controller.cpp:150:1:[m[K [01;31m[Kerror: [m[K‚Äò[01m[Ktarget_point_index[m[K‚Äô was not declared in this scope; did you mean ‚Äò[01m[Knearest_point_index[m[K‚Äô?
[5.671s]   150 | [01;31m[Ktarget_point_index[m[K = get_target_path_pose_index(target_point_index, lookahead_distance);
[5.671s]       | [01;31m[K^~~~~~~~~~~~~~~~~~[m[K
[5.671s]       | [32m[Knearest_point_index[m[K
[5.681s] [01m[K/home/tutu/ws/MobileRobots-master/src/mr_ws/src/simple_controller/src/controller.cpp:150:22:[m[K [01;31m[Kerror: [m[K‚Äò[01m[Kget_target_path_pose_index[m[K‚Äô was not declared in this scope; did you mean ‚Äò[01m[Kget_nearest_path_pose_index[m[K‚Äô?
[5.681s]   150 | target_point_index = [01;31m[Kget_target_path_pose_index[m[K(target_point_index, lookahead_distance);
[5.681s]       |                      [01;31m[K^~~~~~~~~~~~~~~~~~~~~~~~~~[m[K
[5.682s]       |                      [32m[Kget_nearest_path_pose_index[m[K
[5.684s] [01m[K/home/tutu/ws/MobileRobots-master/src/mr_ws/src/simple_controller/src/controller.cpp:165:25:[m[K [01;31m[Kerror: [m[Kqualified-id in declaration before ‚Äò[01m[K([m[K‚Äô token
[5.684s]   165 | void Controller::on_pose[01;31m[K([m[Kconst nav_msgs::OdometryConstPtr& odom)
[5.684s]       |                         [01;31m[K^[m[K
[5.684s] [01m[K/home/tutu/ws/MobileRobots-master/src/mr_ws/src/simple_controller/src/controller.cpp:176:24:[m[K [01;31m[Kerror: [m[Kqualified-id in declaration before ‚Äò[01m[K([m[K‚Äô token
[5.684s]   176 | void Controller::on_odo[01;31m[K([m[Kconst nav_msgs::OdometryConstPtr& odom)
[5.685s]       |                        [01;31m[K^[m[K
[5.685s] [01m[K/home/tutu/ws/MobileRobots-master/src/mr_ws/src/simple_controller/src/controller.cpp:183:31:[m[K [01;31m[Kerror: [m[Kqualified-id in declaration before ‚Äò[01m[K([m[K‚Äô token
[5.685s]   183 | void Controller::publish_error[01;31m[K([m[Kdouble error)
[5.685s]       |                               [01;31m[K^[m[K
[5.686s] [01m[K/home/tutu/ws/MobileRobots-master/src/mr_ws/src/simple_controller/src/controller.cpp:190:37:[m[K [01;31m[Kerror: [m[Kqualified-id in declaration before ‚Äò[01m[K([m[K‚Äô token
[5.686s]   190 | double Controller::cross_track_error[01;31m[K([m[K)
[5.686s]       |                                     [01;31m[K^[m[K
[5.686s] [01m[K/home/tutu/ws/MobileRobots-master/src/mr_ws/src/simple_controller/src/controller.cpp:216:36:[m[K [01;31m[Kerror: [m[Kqualified-id in declaration before ‚Äò[01m[K([m[K‚Äô token
[5.687s]   216 | void Controller::publish_trajectory[01;31m[K([m[K)
[5.687s]       |                                    [01;31m[K^[m[K
[5.687s] [01m[K/home/tutu/ws/MobileRobots-master/src/mr_ws/src/simple_controller/src/controller.cpp:222:23:[m[K [01;31m[Kerror: [m[Kqualified-id in declaration before ‚Äò[01m[K([m[K‚Äô token
[5.687s]   222 | void Controller::reset[01;31m[K([m[K)
[5.687s]       |                       [01;31m[K^[m[K
[5.688s] [01m[K/home/tutu/ws/MobileRobots-master/src/mr_ws/src/simple_controller/src/controller.cpp:228:23:[m[K [01;31m[Kerror: [m[Kqualified-id in declaration before ‚Äò[01m[K([m[K‚Äô token
[5.688s]   228 | void Controller::reset[01;31m[K([m[Kdouble p, double d, double i)
[5.688s]       |                       [01;31m[K^[m[K
[5.688s] [01m[K/home/tutu/ws/MobileRobots-master/src/mr_ws/src/simple_controller/src/controller.cpp:236:39:[m[K [01;31m[Kerror: [m[Kqualified-id in declaration before ‚Äò[01m[K([m[K‚Äô token
[5.688s]   236 | nav_msgs::Path Controller::create_path[01;31m[K([m[K) const {
[5.689s]       |                                       [01;31m[K^[m[K
[5.689s] [01m[K/home/tutu/ws/MobileRobots-master/src/mr_ws/src/simple_controller/src/controller.cpp:281:24:[m[K [01;31m[Kerror: [m[Kexpected primary-expression before ‚Äò[01m[Kconst[m[K‚Äô
[5.689s]   281 | Controller::Controller([01;31m[Kconst[m[K std::string& ns):
[5.690s]       |                        [01;31m[K^~~~~[m[K
[5.690s] [01m[K/home/tutu/ws/MobileRobots-master/src/mr_ws/src/simple_controller/src/controller.cpp:281:45:[m[K [01;31m[Kerror: [m[Kcannot call constructor ‚Äò[01m[Ksimple_controller::Controller::Controller[m[K‚Äô directly [[01;31m[K-fpermissive[m[K]
[5.690s]   281 | Controller::Controller(const std::string& ns[01;31m[K)[m[K:
[5.690s]       |                                             [01;31m[K^[m[K
[5.690s] [01m[K/home/tutu/ws/MobileRobots-master/src/mr_ws/src/simple_controller/src/controller.cpp:281:45:[m[K [01;36m[Knote: [m[Kfor a function-style cast, remove the redundant ‚Äò[01m[K::Controller[m[K‚Äô
[5.691s] [01m[K/home/tutu/ws/MobileRobots-master/src/mr_ws/src/simple_controller/src/controller.cpp:325:25:[m[K [01;31m[Kerror: [m[Kno matching function for call to ‚Äò[01m[Ksimple_controller::Controller::~Controller()[m[K‚Äô
[5.691s]   325 | Controller::~Controller([01;31m[K)[m[K
[5.691s]       |                         [01;31m[K^[m[K
[5.691s] In file included from [01m[K/home/tutu/ws/MobileRobots-master/src/mr_ws/src/simple_controller/src/controller.cpp:8[m[K:
[5.691s] [01m[K/home/tutu/ws/MobileRobots-master/src/mr_ws/src/simple_controller/src/controller.h:121:11:[m[K [01;36m[Knote: [m[Kcandidate: ‚Äò[01m[Kvirtual simple_controller::Controller::~Controller()[m[K‚Äô
[5.692s]   121 |   virtual [01;36m[K~[m[KController();
[5.692s]       |           [01;36m[K^[m[K
[5.692s] [01m[K/home/tutu/ws/MobileRobots-master/src/mr_ws/src/simple_controller/src/controller.h:121:11:[m[K [01;36m[Knote: [m[K  candidate expects 1 argument, 0 provided
[5.692s] [01m[K/home/tutu/ws/MobileRobots-master/src/mr_ws/src/simple_controller/src/controller.cpp:332:35:[m[K [01;31m[Kerror: [m[Kqualified-id in declaration before ‚Äò[01m[K([m[K‚Äô token
[5.692s]   332 | double Controller::get_pid_control[01;31m[K([m[Kdouble error)
[5.692s]       |                                   [01;31m[K^[m[K
[5.693s] [01m[K/home/tutu/ws/MobileRobots-master/src/mr_ws/src/simple_controller/src/controller.cpp:346:51:[m[K [01;31m[Kerror: [m[Kqualified-id in declaration before ‚Äò[01m[K([m[K‚Äô token
[5.693s]   346 | std::size_t Controller::get_target_path_pose_index[01;31m[K([m[Kint old_target_index, double ld)
[5.693s]       |                                                   [01;31m[K^[m[K
[5.693s] [01m[K/home/tutu/ws/MobileRobots-master/src/mr_ws/src/simple_controller/src/controller.cpp:366:1:[m[K [01;31m[Kerror: [m[Kexpected ‚Äò[01m[K}[m[K‚Äô at end of input
[5.694s]   366 | [01;31m[K}[m[K
[5.694s]       | [01;31m[K^[m[K
[5.694s] [01m[K/home/tutu/ws/MobileRobots-master/src/mr_ws/src/simple_controller/src/controller.cpp:144:1:[m[K [01;36m[Knote: [m[Kto match this ‚Äò[01m[K{[m[K‚Äô
[5.694s]   144 | [01;36m[K{[m[K
[5.694s]       | [01;36m[K^[m[K
[5.695s] [01m[K/home/tutu/ws/MobileRobots-master/src/mr_ws/src/simple_controller/src/controller.cpp:[m[K At global scope:
[5.695s] [01m[K/home/tutu/ws/MobileRobots-master/src/mr_ws/src/simple_controller/src/controller.cpp:366:1:[m[K [01;31m[Kerror: [m[Kexpected ‚Äò[01m[K}[m[K‚Äô at end of input
[5.695s]   366 | [01;31m[K}[m[K
[5.696s]       | [01;31m[K^[m[K
[5.696s] [01m[K/home/tutu/ws/MobileRobots-master/src/mr_ws/src/simple_controller/src/controller.cpp:15:1:[m[K [01;36m[Knote: [m[Kto match this ‚Äò[01m[K{[m[K‚Äô
[5.696s]    15 | [01;36m[K{[m[K
[5.696s]       | [01;36m[K^[m[K
[6.357s] make[2]: *** [CMakeFiles/controller_node.dir/build.make:76ÔºöCMakeFiles/controller_node.dir/src/controller.cpp.o] ÈîôËØØ 1
[6.358s] make[2]: *** Ê≠£Âú®Á≠âÂæÖÊú™ÂÆåÊàêÁöÑ‰ªªÂä°....
[9.674s] make[1]: *** [CMakeFiles/Makefile2:1008ÔºöCMakeFiles/controller_node.dir/all] ÈîôËØØ 2
[9.675s] make: *** [Makefile:141Ôºöall] ÈîôËØØ 2
[9.680s] Invoked command in '/home/tutu/ws/build/simple_controller' returned '2': /usr/bin/cmake --build /home/tutu/ws/build/simple_controller -- -j8 -l8
