[0.050s] Invoking command in '/home/tutu/ws/build/simple_controller': /usr/bin/cmake --build /home/tutu/ws/build/simple_controller -- -j8 -l8
[0.114s] [ 25%] Built target simple_controller_gencfg
[0.145s] [ 50%] [32mBuilding CXX object CMakeFiles/controller_node.dir/src/controller.cpp.o[0m
[2.015s] [01m[K/home/tutu/ws/MobileRobots-master/src/mr_ws/src/simple_controller/src/controller.cpp:[m[K In member function â€˜[01m[Kvoid simple_controller::Controller::on_path(const Path&)[m[Kâ€™:
[2.015s] [01m[K/home/tutu/ws/MobileRobots-master/src/mr_ws/src/simple_controller/src/controller.cpp:74:3:[m[K [01;31m[Kerror: [m[Kâ€˜[01m[Ktarget_point_index[m[Kâ€™ was not declared in this scope; did you mean â€˜[01m[Knearest_point_index[m[Kâ€™?
[2.015s]    74 |   [01;31m[Ktarget_point_index[m[K = 0;
[2.015s]       |   [01;31m[K^~~~~~~~~~~~~~~~~~[m[K
[2.015s]       |   [32m[Knearest_point_index[m[K
[2.026s] [01m[K/home/tutu/ws/MobileRobots-master/src/mr_ws/src/simple_controller/src/controller.cpp:[m[K In member function â€˜[01m[Kvoid simple_controller::Controller::on_timer(const ros::TimerEvent&)[m[Kâ€™:
[2.026s] [01m[K/home/tutu/ws/MobileRobots-master/src/mr_ws/src/simple_controller/src/controller.cpp:150:1:[m[K [01;31m[Kerror: [m[Kâ€˜[01m[Ktarget_point_index[m[Kâ€™ was not declared in this scope; did you mean â€˜[01m[Knearest_point_index[m[Kâ€™?
[2.027s]   150 | [01;31m[Ktarget_point_index[m[K = get_target_path_pose_index(target_point_index, lookahead_distance);
[2.027s]       | [01;31m[K^~~~~~~~~~~~~~~~~~[m[K
[2.027s]       | [32m[Knearest_point_index[m[K
[2.035s] [01m[K/home/tutu/ws/MobileRobots-master/src/mr_ws/src/simple_controller/src/controller.cpp:150:22:[m[K [01;31m[Kerror: [m[Kâ€˜[01m[Kget_target_path_pose_index[m[Kâ€™ was not declared in this scope; did you mean â€˜[01m[Kget_nearest_path_pose_index[m[Kâ€™?
[2.036s]   150 | target_point_index = [01;31m[Kget_target_path_pose_index[m[K(target_point_index, lookahead_distance);
[2.036s]       |                      [01;31m[K^~~~~~~~~~~~~~~~~~~~~~~~~~[m[K
[2.036s]       |                      [32m[Kget_nearest_path_pose_index[m[K
[2.037s] [01m[K/home/tutu/ws/MobileRobots-master/src/mr_ws/src/simple_controller/src/controller.cpp:165:25:[m[K [01;31m[Kerror: [m[Kqualified-id in declaration before â€˜[01m[K([m[Kâ€™ token
[2.037s]   165 | void Controller::on_pose[01;31m[K([m[Kconst nav_msgs::OdometryConstPtr& odom)
[2.037s]       |                         [01;31m[K^[m[K
[2.037s] [01m[K/home/tutu/ws/MobileRobots-master/src/mr_ws/src/simple_controller/src/controller.cpp:176:24:[m[K [01;31m[Kerror: [m[Kqualified-id in declaration before â€˜[01m[K([m[Kâ€™ token
[2.038s]   176 | void Controller::on_odo[01;31m[K([m[Kconst nav_msgs::OdometryConstPtr& odom)
[2.038s]       |                        [01;31m[K^[m[K
[2.038s] [01m[K/home/tutu/ws/MobileRobots-master/src/mr_ws/src/simple_controller/src/controller.cpp:183:31:[m[K [01;31m[Kerror: [m[Kqualified-id in declaration before â€˜[01m[K([m[Kâ€™ token
[2.038s]   183 | void Controller::publish_error[01;31m[K([m[Kdouble error)
[2.038s]       |                               [01;31m[K^[m[K
[2.038s] [01m[K/home/tutu/ws/MobileRobots-master/src/mr_ws/src/simple_controller/src/controller.cpp:190:37:[m[K [01;31m[Kerror: [m[Kqualified-id in declaration before â€˜[01m[K([m[Kâ€™ token
[2.038s]   190 | double Controller::cross_track_error[01;31m[K([m[K)
[2.038s]       |                                     [01;31m[K^[m[K
[2.038s] [01m[K/home/tutu/ws/MobileRobots-master/src/mr_ws/src/simple_controller/src/controller.cpp:216:36:[m[K [01;31m[Kerror: [m[Kqualified-id in declaration before â€˜[01m[K([m[Kâ€™ token
[2.039s]   216 | void Controller::publish_trajectory[01;31m[K([m[K)
[2.039s]       |                                    [01;31m[K^[m[K
[2.039s] [01m[K/home/tutu/ws/MobileRobots-master/src/mr_ws/src/simple_controller/src/controller.cpp:222:23:[m[K [01;31m[Kerror: [m[Kqualified-id in declaration before â€˜[01m[K([m[Kâ€™ token
[2.039s]   222 | void Controller::reset[01;31m[K([m[K)
[2.039s]       |                       [01;31m[K^[m[K
[2.039s] [01m[K/home/tutu/ws/MobileRobots-master/src/mr_ws/src/simple_controller/src/controller.cpp:228:23:[m[K [01;31m[Kerror: [m[Kqualified-id in declaration before â€˜[01m[K([m[Kâ€™ token
[2.039s]   228 | void Controller::reset[01;31m[K([m[Kdouble p, double d, double i)
[2.039s]       |                       [01;31m[K^[m[K
[2.039s] [01m[K/home/tutu/ws/MobileRobots-master/src/mr_ws/src/simple_controller/src/controller.cpp:236:39:[m[K [01;31m[Kerror: [m[Kqualified-id in declaration before â€˜[01m[K([m[Kâ€™ token
[2.039s]   236 | nav_msgs::Path Controller::create_path[01;31m[K([m[K) const {
[2.040s]       |                                       [01;31m[K^[m[K
[2.040s] [01m[K/home/tutu/ws/MobileRobots-master/src/mr_ws/src/simple_controller/src/controller.cpp:281:24:[m[K [01;31m[Kerror: [m[Kexpected primary-expression before â€˜[01m[Kconst[m[Kâ€™
[2.040s]   281 | Controller::Controller([01;31m[Kconst[m[K std::string& ns):
[2.040s]       |                        [01;31m[K^~~~~[m[K
[2.040s] [01m[K/home/tutu/ws/MobileRobots-master/src/mr_ws/src/simple_controller/src/controller.cpp:281:45:[m[K [01;31m[Kerror: [m[Kcannot call constructor â€˜[01m[Ksimple_controller::Controller::Controller[m[Kâ€™ directly [[01;31m[K-fpermissive[m[K]
[2.040s]   281 | Controller::Controller(const std::string& ns[01;31m[K)[m[K:
[2.040s]       |                                             [01;31m[K^[m[K
[2.040s] [01m[K/home/tutu/ws/MobileRobots-master/src/mr_ws/src/simple_controller/src/controller.cpp:281:45:[m[K [01;36m[Knote: [m[Kfor a function-style cast, remove the redundant â€˜[01m[K::Controller[m[Kâ€™
[2.040s] [01m[K/home/tutu/ws/MobileRobots-master/src/mr_ws/src/simple_controller/src/controller.cpp:325:25:[m[K [01;31m[Kerror: [m[Kno matching function for call to â€˜[01m[Ksimple_controller::Controller::~Controller()[m[Kâ€™
[2.040s]   325 | Controller::~Controller([01;31m[K)[m[K
[2.040s]       |                         [01;31m[K^[m[K
[2.041s] In file included from [01m[K/home/tutu/ws/MobileRobots-master/src/mr_ws/src/simple_controller/src/controller.cpp:8[m[K:
[2.041s] [01m[K/home/tutu/ws/MobileRobots-master/src/mr_ws/src/simple_controller/src/controller.h:121:11:[m[K [01;36m[Knote: [m[Kcandidate: â€˜[01m[Kvirtual simple_controller::Controller::~Controller()[m[Kâ€™
[2.041s]   121 |   virtual [01;36m[K~[m[KController();
[2.041s]       |           [01;36m[K^[m[K
[2.041s] [01m[K/home/tutu/ws/MobileRobots-master/src/mr_ws/src/simple_controller/src/controller.h:121:11:[m[K [01;36m[Knote: [m[K  candidate expects 1 argument, 0 provided
[2.041s] [01m[K/home/tutu/ws/MobileRobots-master/src/mr_ws/src/simple_controller/src/controller.cpp:332:35:[m[K [01;31m[Kerror: [m[Kqualified-id in declaration before â€˜[01m[K([m[Kâ€™ token
[2.041s]   332 | double Controller::get_pid_control[01;31m[K([m[Kdouble error)
[2.041s]       |                                   [01;31m[K^[m[K
[2.041s] [01m[K/home/tutu/ws/MobileRobots-master/src/mr_ws/src/simple_controller/src/controller.cpp:346:51:[m[K [01;31m[Kerror: [m[Kqualified-id in declaration before â€˜[01m[K([m[Kâ€™ token
[2.041s]   346 | std::size_t Controller::get_target_path_pose_index[01;31m[K([m[Kint old_target_index, double ld)
[2.042s]       |                                                   [01;31m[K^[m[K
[2.042s] [01m[K/home/tutu/ws/MobileRobots-master/src/mr_ws/src/simple_controller/src/controller.cpp:366:1:[m[K [01;31m[Kerror: [m[Kexpected â€˜[01m[K}[m[Kâ€™ at end of input
[2.042s]   366 | [01;31m[K}[m[K
[2.042s]       | [01;31m[K^[m[K
[2.042s] [01m[K/home/tutu/ws/MobileRobots-master/src/mr_ws/src/simple_controller/src/controller.cpp:144:1:[m[K [01;36m[Knote: [m[Kto match this â€˜[01m[K{[m[Kâ€™
[2.042s]   144 | [01;36m[K{[m[K
[2.042s]       | [01;36m[K^[m[K
[2.042s] [01m[K/home/tutu/ws/MobileRobots-master/src/mr_ws/src/simple_controller/src/controller.cpp:[m[K At global scope:
[2.042s] [01m[K/home/tutu/ws/MobileRobots-master/src/mr_ws/src/simple_controller/src/controller.cpp:366:1:[m[K [01;31m[Kerror: [m[Kexpected â€˜[01m[K}[m[Kâ€™ at end of input
[2.042s]   366 | [01;31m[K}[m[K
[2.042s]       | [01;31m[K^[m[K
[2.043s] [01m[K/home/tutu/ws/MobileRobots-master/src/mr_ws/src/simple_controller/src/controller.cpp:15:1:[m[K [01;36m[Knote: [m[Kto match this â€˜[01m[K{[m[Kâ€™
[2.043s]    15 | [01;36m[K{[m[K
[2.043s]       | [01;36m[K^[m[K
[2.299s] make[2]: *** [CMakeFiles/controller_node.dir/build.make:76ï¼šCMakeFiles/controller_node.dir/src/controller.cpp.o] é”™è¯¯ 1
[2.299s] make[1]: *** [CMakeFiles/Makefile2:1008ï¼šCMakeFiles/controller_node.dir/all] é”™è¯¯ 2
[2.299s] make: *** [Makefile:141ï¼šall] é”™è¯¯ 2
